Using pre-set license
Built from '2021.1/staging' branch; Version is '2021.1.6f1 (c0fade0cc7e9) revision 12647134'; Using compiler version '192528614'; Build Type 'Release'
OS: 'Windows 10 Pro; OS build 19041.1288; Version 2004; 64bit' Language: 'en' Physical Memory: 32688 MB
BatchMode: 1, IsHumanControllingUs: 0, StartBugReporterOnCrash: 0, Is64bit: 1, IsPro: 0

 COMMAND LINE ARGUMENTS:
D:\unity\2021.1.6f1\Editor\Unity.exe
-adb2
-batchMode
-noUpm
-name
AssetImportWorker0
-projectPath
D:/unity/shaderrsss
-logFile
Logs/AssetImportWorker0.log
-srvPort
55040
Successfully changed project path to: D:/unity/shaderrsss
D:/unity/shaderrsss
Using Asset Import Pipeline V2.
Refreshing native plugins compatible for Editor in 52.64 ms, found 1 plugins.
Preloading 0 native plugins for Editor in 0.00 ms.
Initialize engine version: 2021.1.6f1 (c0fade0cc7e9)
[Subsystems] Discovering subsystems at path D:/unity/2021.1.6f1/Editor/Data/Resources/UnitySubsystems
[Subsystems] Discovering subsystems at path D:/unity/shaderrsss/Assets
GfxDevice: creating device client; threaded=0; jobified=0
Direct3D:
    Version:  Direct3D 11.0 [level 11.1]
    Renderer: NVIDIA GeForce RTX 3080 (ID=0x2206)
    Vendor:   NVIDIA
    VRAM:     10078 MB
    Driver:   27.21.14.5709
Initialize mono
Mono path[0] = 'D:/unity/2021.1.6f1/Editor/Data/Managed'
Mono path[1] = 'D:/unity/2021.1.6f1/Editor/Data/MonoBleedingEdge/lib/mono/unityjit'
Mono config path = 'D:/unity/2021.1.6f1/Editor/Data/MonoBleedingEdge/etc'
Using monoOptions --debugger-agent=transport=dt_socket,embedding=1,server=y,suspend=n,address=127.0.0.1:56820
Begin MonoManager ReloadAssembly
Registering precompiled unity dll's ...
Register platform support module: D:/unity/2021.1.6f1/Editor/Data/PlaybackEngines/WebGLSupport/UnityEditor.WebGL.Extensions.dll
Register platform support module: D:/unity/2021.1.6f1/Editor/Data/PlaybackEngines/WindowsStandaloneSupport/UnityEditor.WindowsStandalone.Extensions.dll
Registered in 0.000971 seconds.
Native extension for WindowsStandalone target not found
Native extension for WebGL target not found
Refreshing native plugins compatible for Editor in 54.32 ms, found 1 plugins.
Preloading 0 native plugins for Editor in 0.00 ms.
Mono: successfully reloaded assembly
- Completed reload, in  0.978 seconds
Platform modules already initialized, skipping
Registering precompiled user dll's ...
Registered in 0.001816 seconds.
Begin MonoManager ReloadAssembly
Native extension for WindowsStandalone target not found
Native extension for WebGL target not found
Refreshing native plugins compatible for Editor in 0.40 ms, found 1 plugins.
Preloading 0 native plugins for Editor in 0.00 ms.
Mono: successfully reloaded assembly
- Completed reload, in  0.684 seconds
Platform modules already initialized, skipping
========================================================================
Worker process is ready to serve import requests
Launched and connected shader compiler UnityShaderCompiler.exe after 0.02 seconds
Refreshing native plugins compatible for Editor in 0.40 ms, found 1 plugins.
Preloading 0 native plugins for Editor in 0.00 ms.
Unloading 2665 Unused Serialized files (Serialized files now loaded: 0)
System memory in use before: 98.2 MB.
System memory in use after: 98.3 MB.

Unloading 15 unused Assets to reduce memory usage. Loaded Objects now: 3117.
Total: 1.657300 ms (FindLiveObjects: 0.179100 ms CreateObjectMapping: 0.110300 ms MarkObjects: 1.315200 ms  DeleteObjects: 0.052000 ms)

========================================================================
Received Import Request.
  path: Assets
  artifactKey: Guid(00000000000000001000000000000000) Importer(815301076,1909f56bfc062723c751e8b465ee728b)
Start importing Assets using Guid(00000000000000001000000000000000) Importer(815301076,1909f56bfc062723c751e8b465ee728b)  -> (artifact id: '42d402b061de3733987d63b9cc3b64de') in 0.007484 seconds 
========================================================================
Received Import Request.
  Time since last request: 103.134325 seconds.
  path: Assets/NewUnlitShader.shader
  artifactKey: Guid(eccb2957251e4964ca24f25fad26e951) Importer(815301076,1909f56bfc062723c751e8b465ee728b)
Start importing Assets/NewUnlitShader.shader using Guid(eccb2957251e4964ca24f25fad26e951) Importer(815301076,1909f56bfc062723c751e8b465ee728b)  -> (artifact id: '6faf1b09c702a2323551a721929b776f') in 0.031252 seconds 
========================================================================
Received Import Request.
  Time since last request: 20.859670 seconds.
  path: Assets/NewUnlitShader.shader
  artifactKey: Guid(eccb2957251e4964ca24f25fad26e951) Importer(815301076,1909f56bfc062723c751e8b465ee728b)
Start importing Assets/NewUnlitShader.shader using Guid(eccb2957251e4964ca24f25fad26e951) Importer(815301076,1909f56bfc062723c751e8b465ee728b)  -> (artifact id: 'b629d4e3b21f89a49723e0ed1d551fc5') in 0.002013 seconds 
========================================================================
Received Import Request.
  Time since last request: 5.391004 seconds.
  path: Assets/Unlit_NewUnlitShader.mat
  artifactKey: Guid(21d6bbdc4bddf6f42a0b419289b84cd9) Importer(815301076,1909f56bfc062723c751e8b465ee728b)
Start importing Assets/Unlit_NewUnlitShader.mat using Guid(21d6bbdc4bddf6f42a0b419289b84cd9) Importer(815301076,1909f56bfc062723c751e8b465ee728b)  -> (artifact id: 'be65caa654c740d02e921972edf334e7') in 0.074864 seconds 
========================================================================
Received Import Request.
  Time since last request: 171.567073 seconds.
  path: Assets/NewUnlitShader.shader
  artifactKey: Guid(eccb2957251e4964ca24f25fad26e951) Importer(815301076,1909f56bfc062723c751e8b465ee728b)
Start importing Assets/NewUnlitShader.shader using Guid(eccb2957251e4964ca24f25fad26e951) Importer(815301076,1909f56bfc062723c751e8b465ee728b)  -> (artifact id: 'dcc99ed74fb239871181bfe40185c4d7') in 0.002418 seconds 
========================================================================
Received Import Request.
  Time since last request: 271.169874 seconds.
  path: Assets/NewUnlitShader.shader
  artifactKey: Guid(eccb2957251e4964ca24f25fad26e951) Importer(815301076,1909f56bfc062723c751e8b465ee728b)
Start importing Assets/NewUnlitShader.shader using Guid(eccb2957251e4964ca24f25fad26e951) Importer(815301076,1909f56bfc062723c751e8b465ee728b)  -> (artifact id: 'd04b3ad4a45b3d4de81ceb182cc9d9b7') in 0.002295 seconds 
========================================================================
Received Import Request.
  Time since last request: 6.682731 seconds.
  path: Assets/2.mat
  artifactKey: Guid(42365b6a2244e1543b807db6bab504cc) Importer(815301076,1909f56bfc062723c751e8b465ee728b)
Start importing Assets/2.mat using Guid(42365b6a2244e1543b807db6bab504cc) Importer(815301076,1909f56bfc062723c751e8b465ee728b) Shader error in 'Unlit/NewUnlitShader': unrecognized identifier 'v2f' at line 28 (on d3d11)

Compiling Vertex program
Platform defines: UNITY_ENABLE_REFLECTION_BUFFERS UNITY_USE_DITHER_MASK_FOR_ALPHABLENDED_SHADOWS UNITY_PBS_USE_BRDF1 UNITY_SPECCUBE_BOX_PROJECTION UNITY_SPECCUBE_BLENDING UNITY_ENABLE_DETAIL_NORMALMAP SHADER_API_DESKTOP UNITY_COLORSPACE_GAMMA UNITY_LIGHT_PROBE_PROXY_VOLUME UNITY_LIGHTMAP_FULL_HDR
Disabled keywords: UNITY_NO_DXT5nm UNITY_ENABLE_NATIVE_SHADOW_LOOKUPS UNITY_METAL_SHADOWS_USE_POINT_FILTERING UNITY_NO_SCREENSPACE_SHADOWS UNITY_PBS_USE_BRDF2 UNITY_PBS_USE_BRDF3 UNITY_NO_FULL_STANDARD_SHADER UNITY_HARDWARE_TIER1 UNITY_HARDWARE_TIER2 UNITY_HARDWARE_TIER3 UNITY_HALF_PRECISION_FRAGMENT_SHADER_REGISTERS UNITY_LIGHTMAP_DLDR_ENCODING UNITY_LIGHTMAP_RGBM_ENCODING UNITY_VIRTUAL_TEXTURING UNITY_PRETRANSFORM_TO_DISPLAY_ORIENTATION UNITY_ASTC_NORMALMAP_ENCODING SHADER_API_GLES30

Shader error in 'Unlit/NewUnlitShader': unrecognized identifier 'v2f' at line 28 (on d3d11)

Compiling Vertex program
Platform defines: UNITY_ENABLE_REFLECTION_BUFFERS UNITY_USE_DITHER_MASK_FOR_ALPHABLENDED_SHADOWS UNITY_PBS_USE_BRDF1 UNITY_SPECCUBE_BOX_PROJECTION UNITY_SPECCUBE_BLENDING UNITY_ENABLE_DETAIL_NORMALMAP SHADER_API_DESKTOP UNITY_COLORSPACE_GAMMA UNITY_LIGHT_PROBE_PROXY_VOLUME UNITY_LIGHTMAP_FULL_HDR
Disabled keywords: UNITY_NO_DXT5nm UNITY_ENABLE_NATIVE_SHADOW_LOOKUPS UNITY_METAL_SHADOWS_USE_POINT_FILTERING UNITY_NO_SCREENSPACE_SHADOWS UNITY_PBS_USE_BRDF2 UNITY_PBS_USE_BRDF3 UNITY_NO_FULL_STANDARD_SHADER UNITY_HARDWARE_TIER1 UNITY_HARDWARE_TIER2 UNITY_HARDWARE_TIER3 UNITY_HALF_PRECISION_FRAGMENT_SHADER_REGISTERS UNITY_LIGHTMAP_DLDR_ENCODING UNITY_LIGHTMAP_RGBM_ENCODING UNITY_VIRTUAL_TEXTURING UNITY_PRETRANSFORM_TO_DISPLAY_ORIENTATION UNITY_ASTC_NORMALMAP_ENCODING SHADER_API_GLES30

 -> (artifact id: '6e1dd3ff3788fc539a42d302238e656a') in 0.024385 seconds 
========================================================================
Received Prepare
Registering precompiled user dll's ...
Registered in 0.002173 seconds.
Begin MonoManager ReloadAssembly
Native extension for WindowsStandalone target not found
Native extension for WebGL target not found
Refreshing native plugins compatible for Editor in 0.42 ms, found 1 plugins.
Preloading 0 native plugins for Editor in 0.00 ms.
Mono: successfully reloaded assembly
- Completed reload, in  0.670 seconds
Platform modules already initialized, skipping
Refreshing native plugins compatible for Editor in 0.46 ms, found 1 plugins.
Preloading 0 native plugins for Editor in 0.00 ms.
Unloading 2661 Unused Serialized files (Serialized files now loaded: 0)
System memory in use before: 102.3 MB.
System memory in use after: 102.5 MB.

Unloading 10 unused Assets to reduce memory usage. Loaded Objects now: 3161.
Total: 1.590600 ms (FindLiveObjects: 0.199300 ms CreateObjectMapping: 0.112100 ms MarkObjects: 1.240100 ms  DeleteObjects: 0.038300 ms)

========================================================================
Received Import Request.
  Time since last request: 248.093217 seconds.
  path: Assets/NewUnlitShader.shader
  artifactKey: Guid(eccb2957251e4964ca24f25fad26e951) Importer(815301076,1909f56bfc062723c751e8b465ee728b)
Start importing Assets/NewUnlitShader.shader using Guid(eccb2957251e4964ca24f25fad26e951) Importer(815301076,1909f56bfc062723c751e8b465ee728b)  -> (artifact id: 'dbd7c4369b9d3e46e300dcc5c72881b3') in 0.009534 seconds 
========================================================================
Received Import Request.
  Time since last request: 60.290108 seconds.
  path: Assets/NewUnlitShader.shader
  artifactKey: Guid(eccb2957251e4964ca24f25fad26e951) Importer(815301076,1909f56bfc062723c751e8b465ee728b)
Start importing Assets/NewUnlitShader.shader using Guid(eccb2957251e4964ca24f25fad26e951) Importer(815301076,1909f56bfc062723c751e8b465ee728b)  -> (artifact id: '6c2d724ce961313471b65ac36c6acbb5') in 0.001991 seconds 
========================================================================
Received Import Request.
  Time since last request: 291.854201 seconds.
  path: Assets/3.mat
  artifactKey: Guid(eafb6a3abf453c74098b141e0ab61555) Importer(815301076,1909f56bfc062723c751e8b465ee728b)
Start importing Assets/3.mat using Guid(eafb6a3abf453c74098b141e0ab61555) Importer(815301076,1909f56bfc062723c751e8b465ee728b)  -> (artifact id: 'e4a8b8fe34c6aff178eb8e611a4ef469') in 0.039747 seconds 
========================================================================
Received Import Request.
  Time since last request: 38.170794 seconds.
  path: Assets/2.mat
  artifactKey: Guid(42365b6a2244e1543b807db6bab504cc) Importer(815301076,1909f56bfc062723c751e8b465ee728b)
Start importing Assets/2.mat using Guid(42365b6a2244e1543b807db6bab504cc) Importer(815301076,1909f56bfc062723c751e8b465ee728b)  -> (artifact id: '8b2dba9b65d6d7eedd8ebe3430d885cf') in 0.019616 seconds 
========================================================================
Received Import Request.
  Time since last request: 0.000180 seconds.
  path: Assets/Unlit_NewUnlitShader.mat
  artifactKey: Guid(21d6bbdc4bddf6f42a0b419289b84cd9) Importer(815301076,1909f56bfc062723c751e8b465ee728b)
Start importing Assets/Unlit_NewUnlitShader.mat using Guid(21d6bbdc4bddf6f42a0b419289b84cd9) Importer(815301076,1909f56bfc062723c751e8b465ee728b)  -> (artifact id: 'ca8139ee5b5bdae7981f5c78d479b209') in 0.015465 seconds 
========================================================================
Received Import Request.
  Time since last request: 0.000095 seconds.
  path: Assets/3.mat
  artifactKey: Guid(eafb6a3abf453c74098b141e0ab61555) Importer(815301076,1909f56bfc062723c751e8b465ee728b)
Start importing Assets/3.mat using Guid(eafb6a3abf453c74098b141e0ab61555) Importer(815301076,1909f56bfc062723c751e8b465ee728b)  -> (artifact id: '8b9d9e38241b8f5ff019a940e2632a09') in 0.014357 seconds 
AssetImportWorkerClient::OnTransportError - code=2 error=End of file
